Using pre-set license
Built from '2020.3/staging' branch; Version is '2020.3.16f1 (049d6eca3c44) revision 302446'; Using compiler version '192528614'; Build Type 'Release'
OS: 'Windows 10 Pro; OS build 19043.1052; Version 2009; 64bit' Language: 'es' Physical Memory: 16312 MB
BatchMode: 1, IsHumanControllingUs: 0, StartBugReporterOnCrash: 0, Is64bit: 1, IsPro: 0

 COMMAND LINE ARGUMENTS:
D:\yo\2020.3.16f1\Editor\Unity.exe
-adb2
-batchMode
-noUpm
-name
AssetImportWorker0
-projectPath
C:/Users/USER-PC/Documents/GitHub/Drag-and-drop-numbers2
-logFile
Logs/AssetImportWorker0.log
-srvPort
55914
Successfully changed project path to: C:/Users/USER-PC/Documents/GitHub/Drag-and-drop-numbers2
C:/Users/USER-PC/Documents/GitHub/Drag-and-drop-numbers2
Using Asset Import Pipeline V2.
Refreshing native plugins compatible for Editor in 46.87 ms, found 3 plugins.
Preloading 0 native plugins for Editor in 0.00 ms.
Initialize engine version: 2020.3.16f1 (049d6eca3c44)
[Subsystems] Discovering subsystems at path D:/yo/2020.3.16f1/Editor/Data/Resources/UnitySubsystems
[Subsystems] Discovering subsystems at path C:/Users/USER-PC/Documents/GitHub/Drag-and-drop-numbers2/Assets
GfxDevice: creating device client; threaded=0
Direct3D:
    Version:  Direct3D 11.0 [level 11.1]
    Renderer: NVIDIA GeForce GTX 1060 3GB (ID=0x1c02)
    Vendor:   
    VRAM:     2988 MB
    Driver:   27.21.14.5671
Initialize mono
Mono path[0] = 'D:/yo/2020.3.16f1/Editor/Data/Managed'
Mono path[1] = 'D:/yo/2020.3.16f1/Editor/Data/MonoBleedingEdge/lib/mono/unityjit'
Mono config path = 'D:/yo/2020.3.16f1/Editor/Data/MonoBleedingEdge/etc'
Using monoOptions --debugger-agent=transport=dt_socket,embedding=1,server=y,suspend=n,address=127.0.0.1:56180
Begin MonoManager ReloadAssembly
Registering precompiled unity dll's ...
Register platform support module: D:/yo/2020.3.16f1/Editor/Data/PlaybackEngines/WebGLSupport/UnityEditor.WebGL.Extensions.dll
Register platform support module: D:/yo/2020.3.16f1/Editor/Data/PlaybackEngines/WindowsStandaloneSupport/UnityEditor.WindowsStandalone.Extensions.dll
Registered in 0.001334 seconds.
Native extension for WindowsStandalone target not found
Native extension for WebGL target not found
Refreshing native plugins compatible for Editor in 41.37 ms, found 3 plugins.
Preloading 0 native plugins for Editor in 0.00 ms.
Mono: successfully reloaded assembly
- Completed reload, in  1.076 seconds
Domain Reload Profiling:
	ReloadAssembly (1076ms)
		BeginReloadAssembly (59ms)
			ExecutionOrderSort (0ms)
			DisableScriptedObjects (0ms)
			BackupInstance (0ms)
			ReleaseScriptingObjects (0ms)
			CreateAndSetChildDomain (1ms)
		EndReloadAssembly (516ms)
			LoadAssemblies (58ms)
			RebuildTransferFunctionScriptingTraits (0ms)
			SetupTypeCache (198ms)
			ReleaseScriptCaches (0ms)
			RebuildScriptCaches (36ms)
			SetupLoadedEditorAssemblies (200ms)
				LogAssemblyErrors (0ms)
				InitializePlatformSupportModulesInManaged (5ms)
				SetLoadedEditorAssemblies (0ms)
				RefreshPlugins (41ms)
				BeforeProcessingInitializeOnLoad (18ms)
				ProcessInitializeOnLoadAttributes (93ms)
				ProcessInitializeOnLoadMethodAttributes (42ms)
				AfterProcessingInitializeOnLoad (0ms)
				EditorAssembliesLoaded (0ms)
			ExecutionOrderSort2 (0ms)
			AwakeInstancesAfterBackupRestoration (0ms)
Platform modules already initialized, skipping
Registering precompiled user dll's ...
Registered in 0.011180 seconds.
Begin MonoManager ReloadAssembly
Native extension for WindowsStandalone target not found
Native extension for WebGL target not found
Refreshing native plugins compatible for Editor in 0.91 ms, found 3 plugins.
Preloading 0 native plugins for Editor in 0.00 ms.
Mono: successfully reloaded assembly
- Completed reload, in  1.625 seconds
Domain Reload Profiling:
	ReloadAssembly (1625ms)
		BeginReloadAssembly (163ms)
			ExecutionOrderSort (0ms)
			DisableScriptedObjects (5ms)
			BackupInstance (0ms)
			ReleaseScriptingObjects (0ms)
			CreateAndSetChildDomain (22ms)
		EndReloadAssembly (1390ms)
			LoadAssemblies (123ms)
			RebuildTransferFunctionScriptingTraits (0ms)
			SetupTypeCache (471ms)
			ReleaseScriptCaches (1ms)
			RebuildScriptCaches (76ms)
			SetupLoadedEditorAssemblies (566ms)
				LogAssemblyErrors (0ms)
				InitializePlatformSupportModulesInManaged (8ms)
				SetLoadedEditorAssemblies (1ms)
				RefreshPlugins (1ms)
				BeforeProcessingInitializeOnLoad (103ms)
				ProcessInitializeOnLoadAttributes (443ms)
				ProcessInitializeOnLoadMethodAttributes (6ms)
				AfterProcessingInitializeOnLoad (3ms)
				EditorAssembliesLoaded (0ms)
			ExecutionOrderSort2 (0ms)
			AwakeInstancesAfterBackupRestoration (9ms)
Platform modules already initialized, skipping
========================================================================
Worker process is ready to serve import requests
Launched and connected shader compiler UnityShaderCompiler.exe after 0.08 seconds
Refreshing native plugins compatible for Editor in 0.55 ms, found 3 plugins.
Preloading 0 native plugins for Editor in 0.00 ms.
Unloading 1425 Unused Serialized files (Serialized files now loaded: 0)
System memory in use before: 67.3 MB.
System memory in use after: 67.4 MB.

Unloading 34 unused Assets to reduce memory usage. Loaded Objects now: 1928.
Total: 4.856100 ms (FindLiveObjects: 0.287600 ms CreateObjectMapping: 0.108000 ms MarkObjects: 4.377900 ms  DeleteObjects: 0.081000 ms)

AssetImportParameters requested are different than current active one (requested -> active):
  custom:framework-win-MediaFoundation: 216162199b28c13a410421893ffa2e32 -> 
  custom:video-decoder-ogg-theora: a1e56fd34408186e4bbccfd4996cb3dc -> 
  custom:container-muxer-webm: aa71ff27fc2769a1b78a27578f13a17b -> 
  custom:container-demuxer-webm: 4f35f7cbe854078d1ac9338744f61a02 -> 
  custom:container-demuxer-ogg: 62fdf1f143b41e24485cea50d1cbac27 -> 
  custom:video-encoder-webm-vp8: eb34c28f22e8b96e1ab97ce403110664 -> 
  custom:video-decoder-webm-vp8: 9c59270c3fd7afecdb556c50c9e8de78 -> 
  custom:audio-decoder-ogg-vorbis: bf7c407c2cedff20999df2af8eb42d56 -> 
  custom:audio-encoder-webm-vorbis: bf7c407c2cedff20999df2af8eb42d56 -> 
========================================================================
Received Import Request.
  path: Assets/Drag.asset
  artifactKey: Guid(e4ab210c3fc2dcf46bfa61d06044bf1a) Importer(815301076,1909f56bfc062723c751e8b465ee728b)
Start importing Assets/Drag.asset using Guid(e4ab210c3fc2dcf46bfa61d06044bf1a) Importer(815301076,1909f56bfc062723c751e8b465ee728b)  -> (artifact id: '78b7e5c1bbb47e6bb6286d6b255cb09c') in 1.048510 seconds 
  Import took 1.051422 seconds .

========================================================================
Received Import Request.
  Time since last request: 0.000302 seconds.
  path: Assets/Output.asset
  artifactKey: Guid(7c37bf7768c77d94eb2a8aa1a861212f) Importer(815301076,1909f56bfc062723c751e8b465ee728b)
Start importing Assets/Output.asset using Guid(7c37bf7768c77d94eb2a8aa1a861212f) Importer(815301076,1909f56bfc062723c751e8b465ee728b)  -> (artifact id: '80e0de616795c49572a9d1e012333ba5') in 0.012205 seconds 
  Import took 0.015745 seconds .

========================================================================
Received Import Request.
  Time since last request: 0.000210 seconds.
  path: Assets/colision.asset
  artifactKey: Guid(737a65323d204c448a1117f8722146f9) Importer(815301076,1909f56bfc062723c751e8b465ee728b)
Start importing Assets/colision.asset using Guid(737a65323d204c448a1117f8722146f9) Importer(815301076,1909f56bfc062723c751e8b465ee728b)  -> (artifact id: '0a649e54ccce3b8aaf203cca7b31a124') in 0.014187 seconds 
  Import took 0.017027 seconds .

========================================================================
Received Import Request.
  Time since last request: 51.872422 seconds.
  path: Assets/Scenes
  artifactKey: Guid(c0fa94a6c62cb414db23a0eadc8e0fb8) Importer(815301076,1909f56bfc062723c751e8b465ee728b)
Start importing Assets/Scenes using Guid(c0fa94a6c62cb414db23a0eadc8e0fb8) Importer(815301076,1909f56bfc062723c751e8b465ee728b)  -> (artifact id: '3b99f2ed511441f038d9bfdbdf86299b') in 0.008323 seconds 
  Import took 0.010737 seconds .

========================================================================
Received Import Request.
  Time since last request: 0.014513 seconds.
  path: Assets/Scenes
  artifactKey: Guid(c0fa94a6c62cb414db23a0eadc8e0fb8) Importer(815301076,1909f56bfc062723c751e8b465ee728b)
Start importing Assets/Scenes using Guid(c0fa94a6c62cb414db23a0eadc8e0fb8) Importer(815301076,1909f56bfc062723c751e8b465ee728b)  -> (artifact id: '3b99f2ed511441f038d9bfdbdf86299b') in 0.002096 seconds 
  Import took 0.004467 seconds .

========================================================================
Received Import Request.
  Time since last request: 9.787833 seconds.
  path: Assets/Scenes/prueba de pull
  artifactKey: Guid(1482ad095e80b94468d5c06a5ccb215b) Importer(815301076,1909f56bfc062723c751e8b465ee728b)
Start importing Assets/Scenes/prueba de pull using Guid(1482ad095e80b94468d5c06a5ccb215b) Importer(815301076,1909f56bfc062723c751e8b465ee728b)  -> (artifact id: '3b14aeec22aee7dcbf176b558405eedf') in 0.006455 seconds 
  Import took 0.008952 seconds .

========================================================================
Received Import Request.
  Time since last request: 0.001451 seconds.
  path: Assets/Scenes/prueba de pull
  artifactKey: Guid(1482ad095e80b94468d5c06a5ccb215b) Importer(815301076,1909f56bfc062723c751e8b465ee728b)
Start importing Assets/Scenes/prueba de pull using Guid(1482ad095e80b94468d5c06a5ccb215b) Importer(815301076,1909f56bfc062723c751e8b465ee728b)  -> (artifact id: '3b14aeec22aee7dcbf176b558405eedf') in 0.001962 seconds 
  Import took 0.004532 seconds .

AssetImportWorkerClient::OnTransportError - code=2 error=End of file
